<?xml version="1.0" encoding="UTF-8"?>
<testsuite name="hello.login.ItemServiceApplicationTests" tests="1" skipped="0" failures="0" errors="0" timestamp="2023-05-01T04:51:31" hostname="YoonbeomSo-MacBookPro13.local" time="0.636">
  <properties/>
  <testcase name="contextLoads()" classname="hello.login.ItemServiceApplicationTests" time="0.636"/>
  <system-out><![CDATA[13:51:25.550 [Test worker] DEBUG org.springframework.test.context.BootstrapUtils - Instantiating CacheAwareContextLoaderDelegate from class [org.springframework.test.context.cache.DefaultCacheAwareContextLoaderDelegate]
13:51:25.574 [Test worker] DEBUG org.springframework.test.context.BootstrapUtils - Instantiating BootstrapContext using constructor [public org.springframework.test.context.support.DefaultBootstrapContext(java.lang.Class,org.springframework.test.context.CacheAwareContextLoaderDelegate)]
13:51:25.630 [Test worker] DEBUG org.springframework.test.context.BootstrapUtils - Instantiating TestContextBootstrapper for test class [hello.login.ItemServiceApplicationTests] from class [org.springframework.boot.test.context.SpringBootTestContextBootstrapper]
13:51:25.668 [Test worker] INFO org.springframework.boot.test.context.SpringBootTestContextBootstrapper - Neither @ContextConfiguration nor @ContextHierarchy found for test class [hello.login.ItemServiceApplicationTests], using SpringBootContextLoader
13:51:25.675 [Test worker] DEBUG org.springframework.test.context.support.AbstractContextLoader - Did not detect default resource location for test class [hello.login.ItemServiceApplicationTests]: class path resource [hello/login/ItemServiceApplicationTests-context.xml] does not exist
13:51:25.676 [Test worker] DEBUG org.springframework.test.context.support.AbstractContextLoader - Did not detect default resource location for test class [hello.login.ItemServiceApplicationTests]: class path resource [hello/login/ItemServiceApplicationTestsContext.groovy] does not exist
13:51:25.677 [Test worker] INFO org.springframework.test.context.support.AbstractContextLoader - Could not detect default resource locations for test class [hello.login.ItemServiceApplicationTests]: no resource found for suffixes {-context.xml, Context.groovy}.
13:51:25.678 [Test worker] INFO org.springframework.test.context.support.AnnotationConfigContextLoaderUtils - Could not detect default configuration classes for test class [hello.login.ItemServiceApplicationTests]: ItemServiceApplicationTests does not declare any static, non-private, non-final, nested classes annotated with @Configuration.
13:51:25.858 [Test worker] DEBUG org.springframework.test.context.support.ActiveProfilesUtils - Could not find an 'annotation declaring class' for annotation type [org.springframework.test.context.ActiveProfiles] and class [hello.login.ItemServiceApplicationTests]
13:51:25.978 [Test worker] DEBUG org.springframework.context.annotation.ClassPathScanningCandidateComponentProvider - Identified candidate component class: file [/Users/soyoonbeom/Spring_infearn/springmvc2/login/build/classes/java/main/hello/login/ItemServiceApplication.class]
13:51:25.981 [Test worker] INFO org.springframework.boot.test.context.SpringBootTestContextBootstrapper - Found @SpringBootConfiguration hello.login.ItemServiceApplication for test class hello.login.ItemServiceApplicationTests
13:51:26.142 [Test worker] DEBUG org.springframework.boot.test.context.SpringBootTestContextBootstrapper - @TestExecutionListeners is not present for class [hello.login.ItemServiceApplicationTests]: using defaults.
13:51:26.143 [Test worker] INFO org.springframework.boot.test.context.SpringBootTestContextBootstrapper - Loaded default TestExecutionListener class names from location [META-INF/spring.factories]: [org.springframework.boot.test.autoconfigure.restdocs.RestDocsTestExecutionListener, org.springframework.boot.test.autoconfigure.web.client.MockRestServiceServerResetTestExecutionListener, org.springframework.boot.test.autoconfigure.web.servlet.MockMvcPrintOnlyOnFailureTestExecutionListener, org.springframework.boot.test.autoconfigure.web.servlet.WebDriverTestExecutionListener, org.springframework.boot.test.autoconfigure.webservices.client.MockWebServiceServerTestExecutionListener, org.springframework.boot.test.mock.mockito.MockitoTestExecutionListener, org.springframework.boot.test.mock.mockito.ResetMocksTestExecutionListener, org.springframework.test.context.web.ServletTestExecutionListener, org.springframework.test.context.support.DirtiesContextBeforeModesTestExecutionListener, org.springframework.test.context.event.ApplicationEventsTestExecutionListener, org.springframework.test.context.support.DependencyInjectionTestExecutionListener, org.springframework.test.context.support.DirtiesContextTestExecutionListener, org.springframework.test.context.transaction.TransactionalTestExecutionListener, org.springframework.test.context.jdbc.SqlScriptsTestExecutionListener, org.springframework.test.context.event.EventPublishingTestExecutionListener]
13:51:26.167 [Test worker] DEBUG org.springframework.boot.test.context.SpringBootTestContextBootstrapper - Skipping candidate TestExecutionListener [org.springframework.test.context.transaction.TransactionalTestExecutionListener] due to a missing dependency. Specify custom listener classes or make the default listener classes and their required dependencies available. Offending class: [org/springframework/transaction/interceptor/TransactionAttributeSource]
13:51:26.168 [Test worker] DEBUG org.springframework.boot.test.context.SpringBootTestContextBootstrapper - Skipping candidate TestExecutionListener [org.springframework.test.context.jdbc.SqlScriptsTestExecutionListener] due to a missing dependency. Specify custom listener classes or make the default listener classes and their required dependencies available. Offending class: [org/springframework/transaction/interceptor/TransactionAttribute]
13:51:26.169 [Test worker] INFO org.springframework.boot.test.context.SpringBootTestContextBootstrapper - Using TestExecutionListeners: [org.springframework.test.context.web.ServletTestExecutionListener@21b14081, org.springframework.test.context.support.DirtiesContextBeforeModesTestExecutionListener@631788ea, org.springframework.test.context.event.ApplicationEventsTestExecutionListener@28adef69, org.springframework.boot.test.mock.mockito.MockitoTestExecutionListener@2cf24c28, org.springframework.boot.test.autoconfigure.SpringBootDependencyInjectionTestExecutionListener@7ecb47f, org.springframework.test.context.support.DirtiesContextTestExecutionListener@58632cb0, org.springframework.test.context.event.EventPublishingTestExecutionListener@1f725672, org.springframework.boot.test.autoconfigure.restdocs.RestDocsTestExecutionListener@215fdab8, org.springframework.boot.test.autoconfigure.web.client.MockRestServiceServerResetTestExecutionListener@43f2dda0, org.springframework.boot.test.autoconfigure.web.servlet.MockMvcPrintOnlyOnFailureTestExecutionListener@2b56fc2, org.springframework.boot.test.autoconfigure.web.servlet.WebDriverTestExecutionListener@f797820, org.springframework.boot.test.autoconfigure.webservices.client.MockWebServiceServerTestExecutionListener@502cf96d, org.springframework.boot.test.mock.mockito.ResetMocksTestExecutionListener@5663115]
13:51:26.174 [Test worker] DEBUG org.springframework.test.context.support.AbstractDirtiesContextTestExecutionListener - Before test class: context [DefaultTestContext@45d4f9bf testClass = ItemServiceApplicationTests, testInstance = [null], testMethod = [null], testException = [null], mergedContextConfiguration = [WebMergedContextConfiguration@7d37267 testClass = ItemServiceApplicationTests, locations = '{}', classes = '{class hello.login.ItemServiceApplication}', contextInitializerClasses = '[]', activeProfiles = '{}', propertySourceLocations = '{}', propertySourceProperties = '{org.springframework.boot.test.context.SpringBootTestContextBootstrapper=true}', contextCustomizers = set[org.springframework.boot.test.autoconfigure.actuate.metrics.MetricsExportContextCustomizerFactory$DisableMetricExportContextCustomizer@632204bc, org.springframework.boot.test.autoconfigure.properties.PropertyMappingContextCustomizer@0, org.springframework.boot.test.autoconfigure.web.servlet.WebDriverContextCustomizerFactory$Customizer@6464d51c, org.springframework.boot.test.context.filter.ExcludeFilterContextCustomizer@2aa43cac, org.springframework.boot.test.json.DuplicateJsonObjectContextCustomizerFactory$DuplicateJsonObjectContextCustomizer@16f313cc, org.springframework.boot.test.mock.mockito.MockitoContextCustomizer@0, org.springframework.boot.test.web.client.TestRestTemplateContextCustomizer@3e213aa7, org.springframework.boot.test.context.SpringBootTestArgs@1, org.springframework.boot.test.context.SpringBootTestWebEnvironment@7e5464c3], resourceBasePath = 'src/main/webapp', contextLoader = 'org.springframework.boot.test.context.SpringBootContextLoader', parent = [null]], attributes = map['org.springframework.test.context.web.ServletTestExecutionListener.activateListener' -> true]], class annotated with @DirtiesContext [false] with mode [null].
13:51:26.238 [Test worker] DEBUG org.springframework.test.context.support.TestPropertySourceUtils - Adding inlined properties to environment: {spring.jmx.enabled=false, org.springframework.boot.test.context.SpringBootTestContextBootstrapper=true}

  .   ____          _            __ _ _
 /\\ / ___'_ __ _ _(_)_ __  __ _ \ \ \ \
( ( )\___ | '_ | '_| | '_ \/ _` | \ \ \ \
 \\/  ___)| |_)| | | | | || (_| |  ) ) ) )
  '  |____| .__|_| |_|_| |_\__, | / / / /
 =========|_|==============|___/=/_/_/_/
 :: Spring Boot ::                (v2.4.4)

2023-05-01 13:51:26.990  INFO 45048 --- [    Test worker] hello.login.ItemServiceApplicationTests  : Starting ItemServiceApplicationTests using Java 15.0.10 on YoonbeomSo-MacBookPro13.local with PID 45048 (started by soyoonbeom in /Users/soyoonbeom/Spring_infearn/springmvc2/login)
2023-05-01 13:51:26.995  INFO 45048 --- [    Test worker] hello.login.ItemServiceApplicationTests  : No active profile set, falling back to default profiles: default
2023-05-01 13:51:29.933  INFO 45048 --- [    Test worker] o.s.s.concurrent.ThreadPoolTaskExecutor  : Initializing ExecutorService 'applicationTaskExecutor'
2023-05-01 13:51:30.990  INFO 45048 --- [    Test worker] hello.login.ItemServiceApplicationTests  : Started ItemServiceApplicationTests in 4.736 seconds (JVM running for 7.145)
]]></system-out>
  <system-err><![CDATA[]]></system-err>
</testsuite>
